Determining if the pthread_create exist failed with the following output:
Change Dir: /home/wpr/code/slam_sys/rgb_xy_test/build/CMakeFiles/CMakeTmp

Run Build Command:"/usr/bin/make" "cmTC_dd841/fast"
/usr/bin/make -f CMakeFiles/cmTC_dd841.dir/build.make CMakeFiles/cmTC_dd841.dir/build
make[1]: Entering directory '/home/wpr/code/slam_sys/rgb_xy_test/build/CMakeFiles/CMakeTmp'
Building C object CMakeFiles/cmTC_dd841.dir/CheckSymbolExists.c.o
/usr/bin/cc    -o CMakeFiles/cmTC_dd841.dir/CheckSymbolExists.c.o   -c /home/wpr/code/slam_sys/rgb_xy_test/build/CMakeFiles/CMakeTmp/CheckSymbolExists.c
Linking C executable cmTC_dd841
/opt/cmake-3.11/bin/cmake -E cmake_link_script CMakeFiles/cmTC_dd841.dir/link.txt --verbose=1
/usr/bin/cc      -rdynamic CMakeFiles/cmTC_dd841.dir/CheckSymbolExists.c.o  -o cmTC_dd841 
CMakeFiles/cmTC_dd841.dir/CheckSymbolExists.c.o: In function `main':
CheckSymbolExists.c:(.text+0x16): undefined reference to `pthread_create'
collect2: error: ld returned 1 exit status
CMakeFiles/cmTC_dd841.dir/build.make:86: recipe for target 'cmTC_dd841' failed
make[1]: *** [cmTC_dd841] Error 1
make[1]: Leaving directory '/home/wpr/code/slam_sys/rgb_xy_test/build/CMakeFiles/CMakeTmp'
Makefile:126: recipe for target 'cmTC_dd841/fast' failed
make: *** [cmTC_dd841/fast] Error 2

File /home/wpr/code/slam_sys/rgb_xy_test/build/CMakeFiles/CMakeTmp/CheckSymbolExists.c:
/* */
#include <pthread.h>

int main(int argc, char** argv)
{
  (void)argv;
#ifndef pthread_create
  return ((int*)(&pthread_create))[argc];
#else
  (void)argc;
  return 0;
#endif
}

Determining if the function pthread_create exists in the pthreads failed with the following output:
Change Dir: /home/wpr/code/slam_sys/rgb_xy_test/build/CMakeFiles/CMakeTmp

Run Build Command:"/usr/bin/make" "cmTC_353b7/fast"
/usr/bin/make -f CMakeFiles/cmTC_353b7.dir/build.make CMakeFiles/cmTC_353b7.dir/build
make[1]: Entering directory '/home/wpr/code/slam_sys/rgb_xy_test/build/CMakeFiles/CMakeTmp'
Building C object CMakeFiles/cmTC_353b7.dir/CheckFunctionExists.c.o
/usr/bin/cc   -DCHECK_FUNCTION_EXISTS=pthread_create   -o CMakeFiles/cmTC_353b7.dir/CheckFunctionExists.c.o   -c /opt/cmake-3.11/share/cmake-3.11/Modules/CheckFunctionExists.c
Linking C executable cmTC_353b7
/opt/cmake-3.11/bin/cmake -E cmake_link_script CMakeFiles/cmTC_353b7.dir/link.txt --verbose=1
/usr/bin/cc  -DCHECK_FUNCTION_EXISTS=pthread_create    -rdynamic CMakeFiles/cmTC_353b7.dir/CheckFunctionExists.c.o  -o cmTC_353b7 -lpthreads 
/usr/bin/ld: cannot find -lpthreads
collect2: error: ld returned 1 exit status
CMakeFiles/cmTC_353b7.dir/build.make:86: recipe for target 'cmTC_353b7' failed
make[1]: *** [cmTC_353b7] Error 1
make[1]: Leaving directory '/home/wpr/code/slam_sys/rgb_xy_test/build/CMakeFiles/CMakeTmp'
Makefile:126: recipe for target 'cmTC_353b7/fast' failed
make: *** [cmTC_353b7/fast] Error 2


